TN:
SF:C:\Users\DELL\Desktop\Assignment\tv-shows\src\App.vue
FNF:0
FNH:0
DA:9,1
LF:1
LH:1
BRF:0
BRH:0
end_of_record
TN:
SF:C:\Users\DELL\Desktop\Assignment\tv-shows\src\Components\ErrorPage.vue
FN:12,(anonymous_1)
FNF:1
FNH:1
FNDA:1,(anonymous_1)
DA:13,1
LF:1
LH:1
BRF:0
BRH:0
end_of_record
TN:
SF:C:\Users\DELL\Desktop\Assignment\tv-shows\src\Components\NavigationBar.vue
FN:28,(anonymous_1)
FN:34,(anonymous_2)
FN:35,(anonymous_3)
FNF:3
FNH:3
FNDA:5,(anonymous_1)
FNDA:2,(anonymous_2)
FNDA:1,(anonymous_3)
DA:29,5
DA:35,2
DA:36,1
DA:38,2
LF:4
LH:4
BRF:0
BRH:0
end_of_record
TN:
SF:C:\Users\DELL\Desktop\Assignment\tv-shows\src\Router\Index.js
FNF:0
FNH:0
DA:9,0
DA:11,0
DA:42,0
LF:3
LH:0
BRF:0
BRH:0
end_of_record
TN:
SF:C:\Users\DELL\Desktop\Assignment\tv-shows\src\Services\ApiCalls.js
FN:4,getAllShows
FN:8,getShowDetails
FN:12,searchForShows
FNF:3
FNH:3
FNDA:1,getAllShows
FNDA:1,getShowDetails
FNDA:1,searchForShows
DA:2,4
DA:5,1
DA:9,1
DA:13,1
LF:4
LH:4
BRF:0
BRH:0
end_of_record
TN:
SF:C:\Users\DELL\Desktop\Assignment\tv-shows\src\Views\HomePage.vue
FN:43,(anonymous_1)
FN:51,(anonymous_2)
FN:52,(anonymous_3)
FN:55,(anonymous_4)
FN:57,(anonymous_5)
FN:62,(anonymous_6)
FN:63,(anonymous_7)
FN:65,(anonymous_8)
FN:66,(anonymous_9)
FN:68,(anonymous_10)
FNF:10
FNH:9
FNDA:2,(anonymous_1)
FNDA:2,(anonymous_2)
FNDA:1,(anonymous_3)
FNDA:1,(anonymous_4)
FNDA:2,(anonymous_5)
FNDA:3,(anonymous_6)
FNDA:3,(anonymous_7)
FNDA:1,(anonymous_8)
FNDA:0,(anonymous_9)
FNDA:1,(anonymous_10)
DA:32,1
DA:33,1
DA:34,1
DA:35,1
DA:44,2
DA:52,2
DA:53,1
DA:54,1
DA:56,1
DA:58,2
DA:63,6
DA:66,1
DA:69,1
DA:70,1
DA:71,1
DA:72,1
DA:73,3
DA:76,1
LF:18
LH:18
BRF:0
BRH:0
end_of_record
TN:
SF:C:\Users\DELL\Desktop\Assignment\tv-shows\src\Views\PageNotFound.vue
FN:15,(anonymous_1)
FNF:1
FNH:1
FNDA:1,(anonymous_1)
DA:16,1
LF:1
LH:1
BRF:0
BRH:0
end_of_record
TN:
SF:C:\Users\DELL\Desktop\Assignment\tv-shows\src\Views\SearchForShows.vue
FN:38,(anonymous_1)
FN:46,(anonymous_2)
FN:47,(anonymous_3)
FN:50,(anonymous_4)
FN:52,(anonymous_5)
FN:57,(anonymous_6)
FN:58,(anonymous_7)
FNF:7
FNH:7
FNDA:3,(anonymous_1)
FNDA:3,(anonymous_2)
FNDA:2,(anonymous_3)
FNDA:1,(anonymous_4)
FNDA:3,(anonymous_5)
FNDA:2,(anonymous_6)
FNDA:6,(anonymous_7)
DA:29,1
DA:30,1
DA:31,1
DA:39,3
DA:47,3
DA:48,2
DA:49,2
DA:51,1
DA:53,3
DA:58,8
LF:10
LH:10
BRF:0
BRH:0
end_of_record
TN:
SF:C:\Users\DELL\Desktop\Assignment\tv-shows\src\Views\ShowDetails.vue
FN:43,(anonymous_1)
FN:50,(anonymous_2)
FN:51,(anonymous_3)
FN:53,(anonymous_4)
FN:55,(anonymous_5)
FN:60,(anonymous_6)
FNF:6
FNH:6
FNDA:4,(anonymous_1)
FNDA:4,(anonymous_2)
FNDA:3,(anonymous_3)
FNDA:1,(anonymous_4)
FNDA:4,(anonymous_5)
FNDA:1,(anonymous_6)
DA:35,1
DA:36,1
DA:44,4
DA:51,4
DA:52,3
DA:54,1
DA:56,4
DA:61,1
LF:8
LH:8
BRF:0
BRH:0
end_of_record
