TN:
SF:C:\Users\DELL\Desktop\Assignment\tv-shows\src\App.vue
FNF:0
FNH:0
DA:9,1
LF:1
LH:1
BRF:0
BRH:0
end_of_record
TN:
SF:C:\Users\DELL\Desktop\Assignment\tv-shows\src\Components\ErrorPage.vue
FN:12,(anonymous_1)
FNF:1
FNH:1
FNDA:1,(anonymous_1)
DA:13,1
LF:1
LH:1
BRF:0
BRH:0
end_of_record
TN:
SF:C:\Users\DELL\Desktop\Assignment\tv-shows\src\Components\NavigationBar.vue
FN:28,(anonymous_1)
FN:34,(anonymous_2)
FN:35,(anonymous_3)
FNF:3
FNH:3
FNDA:5,(anonymous_1)
FNDA:2,(anonymous_2)
FNDA:1,(anonymous_3)
DA:29,5
DA:35,2
DA:36,1
DA:38,2
LF:4
LH:4
BRF:0
BRH:0
end_of_record
TN:
SF:C:\Users\DELL\Desktop\Assignment\tv-shows\src\Components\SearchForShows.vue
FN:40,(anonymous_1)
FN:48,(anonymous_2)
FN:49,(anonymous_3)
FN:52,(anonymous_4)
FN:54,(anonymous_5)
FN:59,(anonymous_6)
FN:60,(anonymous_7)
FNF:7
FNH:7
FNDA:3,(anonymous_1)
FNDA:3,(anonymous_2)
FNDA:2,(anonymous_3)
FNDA:1,(anonymous_4)
FNDA:3,(anonymous_5)
FNDA:2,(anonymous_6)
FNDA:6,(anonymous_7)
DA:31,1
DA:32,1
DA:33,1
DA:41,3
DA:49,3
DA:50,2
DA:51,2
DA:53,1
DA:55,3
DA:60,8
LF:10
LH:10
BRF:0
BRH:0
end_of_record
TN:
SF:C:\Users\DELL\Desktop\Assignment\tv-shows\src\Router\Index.js
FNF:0
FNH:0
DA:9,0
DA:11,0
DA:42,0
LF:3
LH:0
BRF:0
BRH:0
end_of_record
TN:
SF:C:\Users\DELL\Desktop\Assignment\tv-shows\src\Services\ApiCalls.js
FN:3,getAllShows
FN:7,getShowDetails
FN:11,searchForShows
FNF:3
FNH:3
FNDA:1,getAllShows
FNDA:1,getShowDetails
FNDA:1,searchForShows
DA:4,1
DA:8,1
DA:12,1
LF:3
LH:3
BRF:0
BRH:0
end_of_record
TN:
SF:C:\Users\DELL\Desktop\Assignment\tv-shows\src\Views\HomePage.vue
FN:41,(anonymous_1)
FN:50,(anonymous_2)
FN:51,(anonymous_3)
FN:54,(anonymous_4)
FN:56,(anonymous_5)
FN:61,(anonymous_6)
FN:62,(anonymous_7)
FN:64,(anonymous_8)
FN:65,(anonymous_9)
FNF:9
FNH:8
FNDA:2,(anonymous_1)
FNDA:2,(anonymous_2)
FNDA:1,(anonymous_3)
FNDA:1,(anonymous_4)
FNDA:2,(anonymous_5)
FNDA:13,(anonymous_6)
FNDA:13,(anonymous_7)
FNDA:1,(anonymous_8)
FNDA:0,(anonymous_9)
DA:30,1
DA:31,1
DA:32,1
DA:33,1
DA:42,2
DA:51,2
DA:52,1
DA:53,1
DA:55,1
DA:57,2
DA:62,26
DA:65,1
LF:12
LH:12
BRF:0
BRH:0
end_of_record
TN:
SF:C:\Users\DELL\Desktop\Assignment\tv-shows\src\Views\PageNotFound.vue
FN:15,(anonymous_1)
FNF:1
FNH:1
FNDA:1,(anonymous_1)
DA:16,1
LF:1
LH:1
BRF:0
BRH:0
end_of_record
TN:
SF:C:\Users\DELL\Desktop\Assignment\tv-shows\src\Views\ShowDetails.vue
FN:42,(anonymous_1)
FN:49,(anonymous_2)
FN:50,(anonymous_3)
FN:52,(anonymous_4)
FN:54,(anonymous_5)
FN:59,(anonymous_6)
FNF:6
FNH:5
FNDA:3,(anonymous_1)
FNDA:3,(anonymous_2)
FNDA:2,(anonymous_3)
FNDA:1,(anonymous_4)
FNDA:3,(anonymous_5)
FNDA:0,(anonymous_6)
DA:34,1
DA:35,1
DA:43,3
DA:50,3
DA:51,2
DA:53,1
DA:55,3
DA:60,0
LF:8
LH:7
BRF:0
BRH:0
end_of_record
